[0602/171016.925:WARNING:minidump_to_upload_parameters.cc(36)] duplicate key guid, discarding value 769542e2-81e7-4e74-8d19-57f15a08dc92
[0602/171035.864:WARNING:minidump_to_upload_parameters.cc(36)] duplicate key guid, discarding value 769542e2-81e7-4e74-8d19-57f15a08dc92
[0602/171043.037:ERROR:minidumpwritedump_with_crashpad_info.cc(435)] Failed to call MiniDumpWriteDump: Only part of a ReadProcessMemory or WriteProcessMemory request was completed. (0x8007012B)
[0602/171043.037:ERROR:minidumpwritedump_with_crashpad_info.cc(592)] Failed to write minidump file
[0602/171043.038:ERROR:crash_report_exception_handler.cc(132)] TryMiniDumpWriteDumpWithCrashpadInfo failed
[0602/171043.038:ERROR:process_memory_win.cc(73)] ReadMemory at 0x127e94d0000 of 64 bytes failed: Only part of a ReadProcessMemory or WriteProcessMemory request was completed. (0x12B)
[0602/171043.040:WARNING:pe_image_reader.cc(340)] could not read dos header from C:\Windows\System32\RPCRT4.dll
[0602/171043.042:ERROR:process_memory_win.cc(73)] ReadMemory at 0x127e9183850 of 72 bytes failed: Only part of a ReadProcessMemory or WriteProcessMemory request was completed. (0x12B)
[0602/171043.042:WARNING:pe_image_annotations_reader.cc(134)] could not read annotations list object in C:\Program Files (x86)\Microsoft\Edge\Application\83.0.478.37\msedge_elf.dll
[0602/171043.042:ERROR:process_memory_win.cc(73)] ReadMemory at 0x127e94d0000 of 64 bytes failed: Only part of a ReadProcessMemory or WriteProcessMemory request was completed. (0x12B)
[0602/171043.042:WARNING:pe_image_reader.cc(340)] could not read dos header from C:\Windows\System32\RPCRT4.dll
[0602/171043.042:ERROR:process_memory_win.cc(73)] ReadMemory at 0x127e94d0000 of 64 bytes failed: Only part of a ReadProcessMemory or WriteProcessMemory request was completed. (0x12B)
[0602/171043.042:WARNING:pe_image_reader.cc(340)] could not read dos header from C:\Windows\System32\RPCRT4.dll
[0602/171043.042:ERROR:process_memory_win.cc(73)] ReadMemory at 0x127e95f8470 of 72 bytes failed: Only part of a ReadProcessMemory or WriteProcessMemory request was completed. (0x12B)
[0602/171043.042:WARNING:pe_image_annotations_reader.cc(134)] could not read annotations list object in C:\Program Files (x86)\Microsoft\Edge\Application\83.0.478.37\msedge.dll
[0602/171043.065:ERROR:process_memory_win.cc(73)] ReadMemory at 0x7ff70deb0000 of 64 bytes failed: Only part of a ReadProcessMemory or WriteProcessMemory request was completed. (0x12B)
[0602/171043.065:WARNING:pe_image_reader.cc(340)] could not read dos header from C:\Program Files (x86)\Microsoft\Edge\Application\msedge.exe
[0602/171043.066:ERROR:process_memory_win.cc(73)] ReadMemory at 0x7ff9be4e0000 of 64 bytes failed: Only part of a ReadProcessMemory or WriteProcessMemory request was completed. (0x12B)
[0602/171043.066:WARNING:pe_image_reader.cc(340)] could not read dos header from C:\Windows\SYSTEM32\ntdll.dll
[0602/171043.066:ERROR:process_memory_win.cc(73)] ReadMemory at 0x7ff9bdf40000 of 64 bytes failed: Only part of a ReadProcessMemory or WriteProcessMemory request was completed. (0x12B)
[0602/171043.067:WARNING:pe_image_reader.cc(340)] could not read dos header from C:\Windows\System32\KERNEL32.DLL
[0602/171043.067:ERROR:process_memory_win.cc(73)] ReadMemory at 0x7ff9bb5f0000 of 64 bytes failed: Only part of a ReadProcessMemory or WriteProcessMemory request was completed. (0x12B)
[0602/171043.067:WARNING:pe_image_reader.cc(340)] could not read dos header from C:\Windows\System32\KERNELBASE.dll
[0602/171043.067:ERROR:process_memory_win.cc(73)] ReadMemory at 0x7ff9b3cf0000 of 64 bytes failed: Only part of a ReadProcessMemory or WriteProcessMemory request was completed. (0x12B)
[0602/171043.067:WARNING:pe_image_reader.cc(340)] could not read dos header from C:\Program Files (x86)\Microsoft\Edge\Application\83.0.478.37\msedge_elf.dll
[0602/171043.067:ERROR:process_memory_win.cc(73)] ReadMemory at 0x7ff9bc310000 of 64 bytes failed: Only part of a ReadProcessMemory or WriteProcessMemory request was completed. (0x12B)
[0602/171043.067:WARNING:pe_image_reader.cc(340)] could not read dos header from C:\Windows\System32\bcryptPrimitives.dll
[0602/171043.067:ERROR:process_memory_win.cc(73)] ReadMemory at 0x7ff9bdca0000 of 64 bytes failed: Only part of a ReadProcessMemory or WriteProcessMemory request was completed. (0x12B)
[0602/171043.067:WARNING:pe_image_reader.cc(340)] could not read dos header from C:\Windows\System32\ADVAPI32.dll
[0602/171043.067:ERROR:process_memory_win.cc(73)] ReadMemory at 0x7ff9be400000 of 64 bytes failed: Only part of a ReadProcessMemory or WriteProcessMemory request was completed. (0x12B)
[0602/171043.067:WARNING:pe_image_reader.cc(340)] could not read dos header from C:\Windows\System32\msvcrt.dll
[0602/171043.067:ERROR:process_memory_win.cc(73)] ReadMemory at 0x7ff9bd650000 of 64 bytes failed: Only part of a ReadProcessMemory or WriteProcessMemory request was completed. (0x12B)
[0602/171043.067:WARNING:pe_image_reader.cc(340)] could not read dos header from C:\Windows\System32\sechost.dll
[0602/171043.067:ERROR:process_memory_win.cc(73)] ReadMemory at 0x127e94d0000 of 64 bytes failed: Only part of a ReadProcessMemory or WriteProcessMemory request was completed. (0x12B)
[0602/171043.067:WARNING:pe_image_reader.cc(340)] could not read dos header from C:\Windows\System32\RPCRT4.dll
[0602/171043.067:ERROR:process_memory_win.cc(73)] ReadMemory at 0x7ff95d2c0000 of 64 bytes failed: Only part of a ReadProcessMemory or WriteProcessMemory request was completed. (0x12B)
[0602/171043.067:WARNING:pe_image_reader.cc(340)] could not read dos header from C:\Program Files (x86)\Microsoft\Edge\Application\83.0.478.37\msedge.dll
[0602/171043.067:ERROR:process_memory_win.cc(73)] ReadMemory at 0x7ff9bddf0000 of 64 bytes failed: Only part of a ReadProcessMemory or WriteProcessMemory request was completed. (0x12B)
[0602/171043.067:WARNING:pe_image_reader.cc(340)] could not read dos header from C:\Windows\System32\WS2_32.dll
[0602/171043.067:ERROR:process_memory_win.cc(73)] ReadMemory at 0x7ff9bdbd0000 of 64 bytes failed: Only part of a ReadProcessMemory or WriteProcessMemory request was completed. (0x12B)
[0602/171043.067:WARNING:pe_image_reader.cc(340)] could not read dos header from C:\Windows\System32\OLEAUT32.dll
[0602/171043.067:ERROR:process_memory_win.cc(73)] ReadMemory at 0x7ff9bc270000 of 64 bytes failed: Only part of a ReadProcessMemory or WriteProcessMemory request was completed. (0x12B)
[0602/171043.067:WARNING:pe_image_reader.cc(340)] could not read dos header from C:\Windows\System32\msvcp_win.dll
[0602/171043.067:ERROR:process_memory_win.cc(73)] ReadMemory at 0x7ff9bb4d0000 of 64 bytes failed: Only part of a ReadProcessMemory or WriteProcessMemory request was completed. (0x12B)
[0602/171043.067:WARNING:pe_image_reader.cc(340)] could not read dos header from C:\Windows\System32\ucrtbase.dll
[0602/171043.067:ERROR:process_memory_win.cc(73)] ReadMemory at 0x7ff9bcbc0000 of 64 bytes failed: Only part of a ReadProcessMemory or WriteProcessMemory request was completed. (0x12B)
[0602/171043.067:WARNING:pe_image_reader.cc(340)] could not read dos header from C:\Windows\System32\combase.dll
[0602/171043.067:ERROR:process_memory_win.cc(73)] ReadMemory at 0x7ff9bc530000 of 64 bytes failed: Only part of a ReadProcessMemory or WriteProcessMemory request was completed. (0x12B)
[0602/171043.067:WARNING:pe_image_reader.cc(340)] could not read dos header from C:\Windows\System32\WINTRUST.dll
[0602/171043.068:ERROR:process_memory_win.cc(73)] ReadMemory at 0x7ff9bb450000 of 64 bytes failed: Only part of a ReadProcessMemory or WriteProcessMemory request was completed. (0x12B)
[0602/171043.068:WARNING:pe_image_reader.cc(340)] could not read dos header from C:\Windows\System32\MSASN1.dll
[0602/171043.068:ERROR:process_memory_win.cc(73)] ReadMemory at 0x7ff9bc390000 of 64 bytes failed: Only part of a ReadProcessMemory or WriteProcessMemory request was completed. (0x12B)
[0602/171043.068:WARNING:pe_image_reader.cc(340)] could not read dos header from C:\Windows\System32\CRYPT32.dll
[0602/171043.068:ERROR:process_memory_win.cc(73)] ReadMemory at 0x7ff9ba920000 of 64 bytes failed: Only part of a ReadProcessMemory or WriteProcessMemory request was completed. (0x12B)
[0602/171043.068:WARNING:pe_image_reader.cc(340)] could not read dos header from C:\Windows\SYSTEM32\IPHLPAPI.DLL
[0602/171043.068:ERROR:process_memory_win.cc(73)] ReadMemory at 0x7ff9b7f10000 of 64 bytes failed: Only part of a ReadProcessMemory or WriteProcessMemory request was completed. (0x12B)
[0602/171043.068:WARNING:pe_image_reader.cc(340)] could not read dos header from C:\Windows\SYSTEM32\WINMM.dll
[0602/171043.068:ERROR:process_memory_win.cc(73)] ReadMemory at 0x7ff99cfe0000 of 64 bytes failed: Only part of a ReadProcessMemory or WriteProcessMemory request was completed. (0x12B)
[0602/171043.068:WARNING:pe_image_reader.cc(340)] could not read dos header from C:\Windows\SYSTEM32\Secur32.dll
[0602/171043.068:ERROR:process_memory_win.cc(73)] ReadMemory at 0x7ff9bb2c0000 of 64 bytes failed: Only part of a ReadProcessMemory or WriteProcessMemory request was completed. (0x12B)
[0602/171043.068:WARNING:pe_image_reader.cc(340)] could not read dos header from C:\Windows\SYSTEM32\USERENV.dll
[0602/171043.068:ERROR:process_memory_win.cc(73)] ReadMemory at 0x7ff9bb400000 of 64 bytes failed: Only part of a ReadProcessMemory or WriteProcessMemory request was completed. (0x12B)
[0602/171043.068:WARNING:pe_image_reader.cc(340)] could not read dos header from C:\Windows\System32\profapi.dll
[0602/171043.068:ERROR:process_memory_win.cc(73)] ReadMemory at 0x7ff9916e0000 of 64 bytes failed: Only part of a ReadProcessMemory or WriteProcessMemory request was completed. (0x12B)
[0602/171043.068:WARNING:pe_image_reader.cc(340)] could not read dos header from C:\Windows\SYSTEM32\UIAutomationCore.DLL
[0602/171043.068:ERROR:process_memory_win.cc(73)] ReadMemory at 0x7ff9a7010000 of 64 bytes failed: Only part of a ReadProcessMemory or WriteProcessMemory request was completed. (0x12B)
[0602/171043.068:WARNING:pe_image_reader.cc(340)] could not read dos header from C:\Windows\SYSTEM32\WINHTTP.dll
[0602/171043.068:ERROR:process_memory_win.cc(73)] ReadMemory at 0x7ff999d60000 of 64 bytes failed: Only part of a ReadProcessMemory or WriteProcessMemory request was completed. (0x12B)
[0602/171043.068:WARNING:pe_image_reader.cc(340)] could not read dos header from C:\Windows\SYSTEM32\DWrite.dll
[0602/171043.068:ERROR:process_memory_win.cc(73)] ReadMemory at 0x7ff9ae410000 of 64 bytes failed: Only part of a ReadProcessMemory or WriteProcessMemory request was completed. (0x12B)
[0602/171043.068:WARNING:pe_image_reader.cc(340)] could not read dos header from C:\Windows\SYSTEM32\WINSPOOL.DRV
[0602/171043.068:ERROR:process_memory_win.cc(73)] ReadMemory at 0x7ff9bb430000 of 64 bytes failed: Only part of a ReadProcessMemory or WriteProcessMemory request was completed. (0x12B)
[0602/171043.068:WARNING:pe_image_reader.cc(340)] could not read dos header from C:\Windows\System32\kernel.appcore.dll
[0602/171043.068:ERROR:process_memory_win.cc(73)] ReadMemory at 0x7ff9bb470000 of 64 bytes failed: Only part of a ReadProcessMemory or WriteProcessMemory request was completed. (0x12B)
[0602/171043.069:WARNING:pe_image_reader.cc(340)] could not read dos header from C:\Windows\System32\bcrypt.dll
[0602/171043.069:ERROR:process_memory_win.cc(73)] ReadMemory at 0x7ff99c780000 of 64 bytes failed: Only part of a ReadProcessMemory or WriteProcessMemory request was completed. (0x12B)
[0602/171043.069:WARNING:pe_image_reader.cc(340)] could not read dos header from C:\Windows\SYSTEM32\dbghelp.dll
[0602/171043.069:ERROR:process_memory_win.cc(73)] ReadMemory at 0x7ff9b2be0000 of 64 bytes failed: Only part of a ReadProcessMemory or WriteProcessMemory request was completed. (0x12B)
[0602/171043.069:WARNING:pe_image_reader.cc(340)] could not read dos header from C:\Windows\SYSTEM32\dhcpcsvc.DLL
[0602/171043.069:ERROR:process_memory_win.cc(73)] ReadMemory at 0x7ff9bded0000 of 64 bytes failed: Only part of a ReadProcessMemory or WriteProcessMemory request was completed. (0x12B)
[0602/171043.069:WARNING:pe_image_reader.cc(340)] could not read dos header from C:\Windows\System32\NSI.dll
[0602/171043.069:ERROR:process_memory_win.cc(73)] ReadMemory at 0x7ff9b7ee0000 of 64 bytes failed: Only part of a ReadProcessMemory or WriteProcessMemory request was completed. (0x12B)
[0602/171043.069:WARNING:pe_image_reader.cc(340)] could not read dos header from C:\Windows\SYSTEM32\WINMMBASE.dll
[0602/171043.069:ERROR:process_memory_win.cc(73)] ReadMemory at 0x7ff9bc4e0000 of 64 bytes failed: Only part of a ReadProcessMemory or WriteProcessMemory request was completed. (0x12B)
[0602/171043.069:WARNING:pe_image_reader.cc(340)] could not read dos header from C:\Windows\System32\cfgmgr32.dll
[0602/171043.069:ERROR:process_memory_win.cc(73)] ReadMemory at 0x7ff9b7980000 of 64 bytes failed: Only part of a ReadProcessMemory or WriteProcessMemory request was completed. (0x12B)
[0602/171043.069:WARNING:pe_image_reader.cc(340)] could not read dos header from C:\Windows\SYSTEM32\PROPSYS.dll
[0602/171043.069:ERROR:process_memory_win.cc(73)] ReadMemory at 0x7ff9bdb20000 of 64 bytes failed: Only part of a ReadProcessMemory or WriteProcessMemory request was completed. (0x12B)
[0602/171043.069:WARNING:pe_image_reader.cc(340)] could not read dos header from C:\Windows\System32\shcore.dll
[0602/171043.069:ERROR:process_memory_win.cc(73)] ReadMemory at 0x7ff9bb290000 of 64 bytes failed: Only part of a ReadProcessMemory or WriteProcessMemory request was completed. (0x12B)
[0602/171043.069:WARNING:pe_image_reader.cc(340)] could not read dos header from C:\Windows\SYSTEM32\SSPICLI.DLL
[0602/171043.069:ERROR:process_memory_win.cc(73)] ReadMemory at 0x7ff9bade0000 of 64 bytes failed: Only part of a ReadProcessMemory or WriteProcessMemory request was completed. (0x12B)
[0602/171043.069:WARNING:pe_image_reader.cc(340)] could not read dos header from C:\Windows\SYSTEM32\CRYPTBASE.DLL
[0602/171043.072:ERROR:process_memory_win.cc(73)] ReadMemory at 0x7ff70deb0000 of 64 bytes failed: Only part of a ReadProcessMemory or WriteProcessMemory request was completed. (0x12B)
[0602/171043.072:WARNING:pe_image_reader.cc(340)] could not read dos header from C:\Program Files (x86)\Microsoft\Edge\Application\msedge.exe
[0602/171043.072:ERROR:process_memory_win.cc(73)] ReadMemory at 0x7ff9be4e0000 of 64 bytes failed: Only part of a ReadProcessMemory or WriteProcessMemory request was completed. (0x12B)
[0602/171043.072:WARNING:pe_image_reader.cc(340)] could not read dos header from C:\Windows\SYSTEM32\ntdll.dll
[0602/171043.072:ERROR:process_memory_win.cc(73)] ReadMemory at 0x7ff9bdf40000 of 64 bytes failed: Only part of a ReadProcessMemory or WriteProcessMemory request was completed. (0x12B)
[0602/171043.072:WARNING:pe_image_reader.cc(340)] could not read dos header from C:\Windows\System32\KERNEL32.DLL
[0602/171043.072:ERROR:process_memory_win.cc(73)] ReadMemory at 0x7ff9bb5f0000 of 64 bytes failed: Only part of a ReadProcessMemory or WriteProcessMemory request was completed. (0x12B)
[0602/171043.072:WARNING:pe_image_reader.cc(340)] could not read dos header from C:\Windows\System32\KERNELBASE.dll
[0602/171043.072:ERROR:process_memory_win.cc(73)] ReadMemory at 0x7ff9b3cf0000 of 64 bytes failed: Only part of a ReadProcessMemory or WriteProcessMemory request was completed. (0x12B)
[0602/171043.072:WARNING:pe_image_reader.cc(340)] could not read dos header from C:\Program Files (x86)\Microsoft\Edge\Application\83.0.478.37\msedge_elf.dll
[0602/171043.072:ERROR:process_memory_win.cc(73)] ReadMemory at 0x7ff9bc310000 of 64 bytes failed: Only part of a ReadProcessMemory or WriteProcessMemory request was completed. (0x12B)
[0602/171043.072:WARNING:pe_image_reader.cc(340)] could not read dos header from C:\Windows\System32\bcryptPrimitives.dll
[0602/171043.072:ERROR:process_memory_win.cc(73)] ReadMemory at 0x7ff9bdca0000 of 64 bytes failed: Only part of a ReadProcessMemory or WriteProcessMemory request was completed. (0x12B)
[0602/171043.072:WARNING:pe_image_reader.cc(340)] could not read dos header from C:\Windows\System32\ADVAPI32.dll
[0602/171043.072:ERROR:process_memory_win.cc(73)] ReadMemory at 0x7ff9be400000 of 64 bytes failed: Only part of a ReadProcessMemory or WriteProcessMemory request was completed. (0x12B)
[0602/171043.072:WARNING:pe_image_reader.cc(340)] could not read dos header from C:\Windows\System32\msvcrt.dll
[0602/171043.072:ERROR:process_memory_win.cc(73)] ReadMemory at 0x7ff9bd650000 of 64 bytes failed: Only part of a ReadProcessMemory or WriteProcessMemory request was completed. (0x12B)
[0602/171043.072:WARNING:pe_image_reader.cc(340)] could not read dos header from C:\Windows\System32\sechost.dll
[0602/171043.072:ERROR:process_memory_win.cc(73)] ReadMemory at 0x127e94d0000 of 64 bytes failed: Only part of a ReadProcessMemory or WriteProcessMemory request was completed. (0x12B)
[0602/171043.072:WARNING:pe_image_reader.cc(340)] could not read dos header from C:\Windows\System32\RPCRT4.dll
[0602/171043.072:ERROR:process_memory_win.cc(73)] ReadMemory at 0x7ff95d2c0000 of 64 bytes failed: Only part of a ReadProcessMemory or WriteProcessMemory request was completed. (0x12B)
[0602/171043.072:WARNING:pe_image_reader.cc(340)] could not read dos header from C:\Program Files (x86)\Microsoft\Edge\Application\83.0.478.37\msedge.dll
[0602/171043.072:ERROR:process_memory_win.cc(73)] ReadMemory at 0x7ff9bddf0000 of 64 bytes failed: Only part of a ReadProcessMemory or WriteProcessMemory request was completed. (0x12B)
[0602/171043.072:WARNING:pe_image_reader.cc(340)] could not read dos header from C:\Windows\System32\WS2_32.dll
[0602/171043.072:ERROR:process_memory_win.cc(73)] ReadMemory at 0x7ff9bdbd0000 of 64 bytes failed: Only part of a ReadProcessMemory or WriteProcessMemory request was completed. (0x12B)
[0602/171043.072:WARNING:pe_image_reader.cc(340)] could not read dos header from C:\Windows\System32\OLEAUT32.dll
[0602/171043.072:ERROR:process_memory_win.cc(73)] ReadMemory at 0x7ff9bc270000 of 64 bytes failed: Only part of a ReadProcessMemory or WriteProcessMemory request was completed. (0x12B)
[0602/171043.072:WARNING:pe_image_reader.cc(340)] could not read dos header from C:\Windows\System32\msvcp_win.dll
[0602/171043.072:ERROR:process_memory_win.cc(73)] ReadMemory at 0x7ff9bb4d0000 of 64 bytes failed: Only part of a ReadProcessMemory or WriteProcessMemory request was completed. (0x12B)
[0602/171043.072:WARNING:pe_image_reader.cc(340)] could not read dos header from C:\Windows\System32\ucrtbase.dll
[0602/171043.072:ERROR:process_memory_win.cc(73)] ReadMemory at 0x7ff9bcbc0000 of 64 bytes failed: Only part of a ReadProcessMemory or WriteProcessMemory request was completed. (0x12B)
[0602/171043.073:WARNING:pe_image_reader.cc(340)] could not read dos header from C:\Windows\System32\combase.dll
[0602/171043.073:ERROR:process_memory_win.cc(73)] ReadMemory at 0x7ff9bc530000 of 64 bytes failed: Only part of a ReadProcessMemory or WriteProcessMemory request was completed. (0x12B)
[0602/171043.073:WARNING:pe_image_reader.cc(340)] could not read dos header from C:\Windows\System32\WINTRUST.dll
[0602/171043.073:ERROR:process_memory_win.cc(73)] ReadMemory at 0x7ff9bb450000 of 64 bytes failed: Only part of a ReadProcessMemory or WriteProcessMemory request was completed. (0x12B)
[0602/171043.073:WARNING:pe_image_reader.cc(340)] could not read dos header from C:\Windows\System32\MSASN1.dll
[0602/171043.073:ERROR:process_memory_win.cc(73)] ReadMemory at 0x7ff9bc390000 of 64 bytes failed: Only part of a ReadProcessMemory or WriteProcessMemory request was completed. (0x12B)
[0602/171043.073:WARNING:pe_image_reader.cc(340)] could not read dos header from C:\Windows\System32\CRYPT32.dll
[0602/171043.073:ERROR:process_memory_win.cc(73)] ReadMemory at 0x7ff9ba920000 of 64 bytes failed: Only part of a ReadProcessMemory or WriteProcessMemory request was completed. (0x12B)
[0602/171043.073:WARNING:pe_image_reader.cc(340)] could not read dos header from C:\Windows\SYSTEM32\IPHLPAPI.DLL
[0602/171043.073:ERROR:process_memory_win.cc(73)] ReadMemory at 0x7ff9b7f10000 of 64 bytes failed: Only part of a ReadProcessMemory or WriteProcessMemory request was completed. (0x12B)
[0602/171043.073:WARNING:pe_image_reader.cc(340)] could not read dos header from C:\Windows\SYSTEM32\WINMM.dll
[0602/171043.073:ERROR:process_memory_win.cc(73)] ReadMemory at 0x7ff99cfe0000 of 64 bytes failed: Only part of a ReadProcessMemory or WriteProcessMemory request was completed. (0x12B)
[0602/171043.073:WARNING:pe_image_reader.cc(340)] could not read dos header from C:\Windows\SYSTEM32\Secur32.dll
[0602/171043.073:ERROR:process_memory_win.cc(73)] ReadMemory at 0x7ff9bb2c0000 of 64 bytes failed: Only part of a ReadProcessMemory or WriteProcessMemory request was completed. (0x12B)
[0602/171043.073:WARNING:pe_image_reader.cc(340)] could not read dos header from C:\Windows\SYSTEM32\USERENV.dll
[0602/171043.073:ERROR:process_memory_win.cc(73)] ReadMemory at 0x7ff9bb400000 of 64 bytes failed: Only part of a ReadProcessMemory or WriteProcessMemory request was completed. (0x12B)
[0602/171043.073:WARNING:pe_image_reader.cc(340)] could not read dos header from C:\Windows\System32\profapi.dll
[0602/171043.073:ERROR:process_memory_win.cc(73)] ReadMemory at 0x7ff9916e0000 of 64 bytes failed: Only part of a ReadProcessMemory or WriteProcessMemory request was completed. (0x12B)
[0602/171043.073:WARNING:pe_image_reader.cc(340)] could not read dos header from C:\Windows\SYSTEM32\UIAutomationCore.DLL
[0602/171043.073:ERROR:process_memory_win.cc(73)] ReadMemory at 0x7ff9a7010000 of 64 bytes failed: Only part of a ReadProcessMemory or WriteProcessMemory request was completed. (0x12B)
[0602/171043.073:WARNING:pe_image_reader.cc(340)] could not read dos header from C:\Windows\SYSTEM32\WINHTTP.dll
[0602/171043.073:ERROR:process_memory_win.cc(73)] ReadMemory at 0x7ff999d60000 of 64 bytes failed: Only part of a ReadProcessMemory or WriteProcessMemory request was completed. (0x12B)
[0602/171043.073:WARNING:pe_image_reader.cc(340)] could not read dos header from C:\Windows\SYSTEM32\DWrite.dll
[0602/171043.073:ERROR:process_memory_win.cc(73)] ReadMemory at 0x7ff9ae410000 of 64 bytes failed: Only part of a ReadProcessMemory or WriteProcessMemory request was completed. (0x12B)
[0602/171043.073:WARNING:pe_image_reader.cc(340)] could not read dos header from C:\Windows\SYSTEM32\WINSPOOL.DRV
[0602/171043.073:ERROR:process_memory_win.cc(73)] ReadMemory at 0x7ff9bb430000 of 64 bytes failed: Only part of a ReadProcessMemory or WriteProcessMemory request was completed. (0x12B)
[0602/171043.073:WARNING:pe_image_reader.cc(340)] could not read dos header from C:\Windows\System32\kernel.appcore.dll
[0602/171043.073:ERROR:process_memory_win.cc(73)] ReadMemory at 0x7ff9bb470000 of 64 bytes failed: Only part of a ReadProcessMemory or WriteProcessMemory request was completed. (0x12B)
[0602/171043.073:WARNING:pe_image_reader.cc(340)] could not read dos header from C:\Windows\System32\bcrypt.dll
[0602/171043.073:ERROR:process_memory_win.cc(73)] ReadMemory at 0x7ff99c780000 of 64 bytes failed: Only part of a ReadProcessMemory or WriteProcessMemory request was completed. (0x12B)
[0602/171043.073:WARNING:pe_image_reader.cc(340)] could not read dos header from C:\Windows\SYSTEM32\dbghelp.dll
[0602/171043.073:ERROR:process_memory_win.cc(73)] ReadMemory at 0x7ff9b2be0000 of 64 bytes failed: Only part of a ReadProcessMemory or WriteProcessMemory request was completed. (0x12B)
[0602/171043.073:WARNING:pe_image_reader.cc(340)] could not read dos header from C:\Windows\SYSTEM32\dhcpcsvc.DLL
[0602/171043.073:ERROR:process_memory_win.cc(73)] ReadMemory at 0x7ff9bded0000 of 64 bytes failed: Only part of a ReadProcessMemory or WriteProcessMemory request was completed. (0x12B)
[0602/171043.073:WARNING:pe_image_reader.cc(340)] could not read dos header from C:\Windows\System32\NSI.dll
[0602/171043.074:ERROR:process_memory_win.cc(73)] ReadMemory at 0x7ff9b7ee0000 of 64 bytes failed: Only part of a ReadProcessMemory or WriteProcessMemory request was completed. (0x12B)
[0602/171043.074:WARNING:pe_image_reader.cc(340)] could not read dos header from C:\Windows\SYSTEM32\WINMMBASE.dll
[0602/171043.074:ERROR:process_memory_win.cc(73)] ReadMemory at 0x7ff9bc4e0000 of 64 bytes failed: Only part of a ReadProcessMemory or WriteProcessMemory request was completed. (0x12B)
[0602/171043.074:WARNING:pe_image_reader.cc(340)] could not read dos header from C:\Windows\System32\cfgmgr32.dll
[0602/171043.074:ERROR:process_memory_win.cc(73)] ReadMemory at 0x7ff9b7980000 of 64 bytes failed: Only part of a ReadProcessMemory or WriteProcessMemory request was completed. (0x12B)
[0602/171043.074:WARNING:pe_image_reader.cc(340)] could not read dos header from C:\Windows\SYSTEM32\PROPSYS.dll
[0602/171043.074:ERROR:process_memory_win.cc(73)] ReadMemory at 0x7ff9bdb20000 of 64 bytes failed: Only part of a ReadProcessMemory or WriteProcessMemory request was completed. (0x12B)
[0602/171043.074:WARNING:pe_image_reader.cc(340)] could not read dos header from C:\Windows\System32\shcore.dll
[0602/171043.074:ERROR:process_memory_win.cc(73)] ReadMemory at 0x7ff9bb290000 of 64 bytes failed: Only part of a ReadProcessMemory or WriteProcessMemory request was completed. (0x12B)
[0602/171043.074:WARNING:pe_image_reader.cc(340)] could not read dos header from C:\Windows\SYSTEM32\SSPICLI.DLL
[0602/171043.074:ERROR:process_memory_win.cc(73)] ReadMemory at 0x7ff9bade0000 of 64 bytes failed: Only part of a ReadProcessMemory or WriteProcessMemory request was completed. (0x12B)
[0602/171043.074:WARNING:pe_image_reader.cc(340)] could not read dos header from C:\Windows\SYSTEM32\CRYPTBASE.DLL
[0602/171043.074:ERROR:process_memory_win.cc(73)] ReadMemory at 0x7ff70deb0000 of 64 bytes failed: Only part of a ReadProcessMemory or WriteProcessMemory request was completed. (0x12B)
[0602/171043.074:WARNING:pe_image_reader.cc(340)] could not read dos header from C:\Program Files (x86)\Microsoft\Edge\Application\msedge.exe
[0602/171043.074:ERROR:process_memory_win.cc(73)] ReadMemory at 0x7ff9be4e0000 of 64 bytes failed: Only part of a ReadProcessMemory or WriteProcessMemory request was completed. (0x12B)
[0602/171043.074:WARNING:pe_image_reader.cc(340)] could not read dos header from C:\Windows\SYSTEM32\ntdll.dll
[0602/171043.074:ERROR:process_memory_win.cc(73)] ReadMemory at 0x7ff9bdf40000 of 64 bytes failed: Only part of a ReadProcessMemory or WriteProcessMemory request was completed. (0x12B)
[0602/171043.074:WARNING:pe_image_reader.cc(340)] could not read dos header from C:\Windows\System32\KERNEL32.DLL
[0602/171043.074:ERROR:process_memory_win.cc(73)] ReadMemory at 0x7ff9bb5f0000 of 64 bytes failed: Only part of a ReadProcessMemory or WriteProcessMemory request was completed. (0x12B)
[0602/171043.074:WARNING:pe_image_reader.cc(340)] could not read dos header from C:\Windows\System32\KERNELBASE.dll
[0602/171043.074:ERROR:process_memory_win.cc(73)] ReadMemory at 0x7ff9b3cf0000 of 64 bytes failed: Only part of a ReadProcessMemory or WriteProcessMemory request was completed. (0x12B)
[0602/171043.074:WARNING:pe_image_reader.cc(340)] could not read dos header from C:\Program Files (x86)\Microsoft\Edge\Application\83.0.478.37\msedge_elf.dll
[0602/171043.074:ERROR:process_memory_win.cc(73)] ReadMemory at 0x7ff9bc310000 of 64 bytes failed: Only part of a ReadProcessMemory or WriteProcessMemory request was completed. (0x12B)
[0602/171043.074:WARNING:pe_image_reader.cc(340)] could not read dos header from C:\Windows\System32\bcryptPrimitives.dll
[0602/171043.074:ERROR:process_memory_win.cc(73)] ReadMemory at 0x7ff9bdca0000 of 64 bytes failed: Only part of a ReadProcessMemory or WriteProcessMemory request was completed. (0x12B)
[0602/171043.074:WARNING:pe_image_reader.cc(340)] could not read dos header from C:\Windows\System32\ADVAPI32.dll
[0602/171043.074:ERROR:process_memory_win.cc(73)] ReadMemory at 0x7ff9be400000 of 64 bytes failed: Only part of a ReadProcessMemory or WriteProcessMemory request was completed. (0x12B)
[0602/171043.074:WARNING:pe_image_reader.cc(340)] could not read dos header from C:\Windows\System32\msvcrt.dll
[0602/171043.074:ERROR:process_memory_win.cc(73)] ReadMemory at 0x7ff9bd650000 of 64 bytes failed: Only part of a ReadProcessMemory or WriteProcessMemory request was completed. (0x12B)
[0602/171043.074:WARNING:pe_image_reader.cc(340)] could not read dos header from C:\Windows\System32\sechost.dll
[0602/171043.074:ERROR:process_memory_win.cc(73)] ReadMemory at 0x127e94d0000 of 64 bytes failed: Only part of a ReadProcessMemory or WriteProcessMemory request was completed. (0x12B)
[0602/171043.074:WARNING:pe_image_reader.cc(340)] could not read dos header from C:\Windows\System32\RPCRT4.dll
[0602/171043.074:ERROR:process_memory_win.cc(73)] ReadMemory at 0x7ff95d2c0000 of 64 bytes failed: Only part of a ReadProcessMemory or WriteProcessMemory request was completed. (0x12B)
[0602/171043.074:WARNING:pe_image_reader.cc(340)] could not read dos header from C:\Program Files (x86)\Microsoft\Edge\Application\83.0.478.37\msedge.dll
[0602/171043.074:ERROR:process_memory_win.cc(73)] ReadMemory at 0x7ff9bddf0000 of 64 bytes failed: Only part of a ReadProcessMemory or WriteProcessMemory request was completed. (0x12B)
[0602/171043.074:WARNING:pe_image_reader.cc(340)] could not read dos header from C:\Windows\System32\WS2_32.dll
[0602/171043.074:ERROR:process_memory_win.cc(73)] ReadMemory at 0x7ff9bdbd0000 of 64 bytes failed: Only part of a ReadProcessMemory or WriteProcessMemory request was completed. (0x12B)
[0602/171043.074:WARNING:pe_image_reader.cc(340)] could not read dos header from C:\Windows\System32\OLEAUT32.dll
[0602/171043.074:ERROR:process_memory_win.cc(73)] ReadMemory at 0x7ff9bc270000 of 64 bytes failed: Only part of a ReadProcessMemory or WriteProcessMemory request was completed. (0x12B)
[0602/171043.074:WARNING:pe_image_reader.cc(340)] could not read dos header from C:\Windows\System32\msvcp_win.dll
[0602/171043.074:ERROR:process_memory_win.cc(73)] ReadMemory at 0x7ff9bb4d0000 of 64 bytes failed: Only part of a ReadProcessMemory or WriteProcessMemory request was completed. (0x12B)
[0602/171043.074:WARNING:pe_image_reader.cc(340)] could not read dos header from C:\Windows\System32\ucrtbase.dll
[0602/171043.075:ERROR:process_memory_win.cc(73)] ReadMemory at 0x7ff9bcbc0000 of 64 bytes failed: Only part of a ReadProcessMemory or WriteProcessMemory request was completed. (0x12B)
[0602/171043.075:WARNING:pe_image_reader.cc(340)] could not read dos header from C:\Windows\System32\combase.dll
[0602/171043.075:ERROR:process_memory_win.cc(73)] ReadMemory at 0x7ff9bc530000 of 64 bytes failed: Only part of a ReadProcessMemory or WriteProcessMemory request was completed. (0x12B)
[0602/171043.075:WARNING:pe_image_reader.cc(340)] could not read dos header from C:\Windows\System32\WINTRUST.dll
[0602/171043.075:ERROR:process_memory_win.cc(73)] ReadMemory at 0x7ff9bb450000 of 64 bytes failed: Only part of a ReadProcessMemory or WriteProcessMemory request was completed. (0x12B)
[0602/171043.075:WARNING:pe_image_reader.cc(340)] could not read dos header from C:\Windows\System32\MSASN1.dll
[0602/171043.075:ERROR:process_memory_win.cc(73)] ReadMemory at 0x7ff9bc390000 of 64 bytes failed: Only part of a ReadProcessMemory or WriteProcessMemory request was completed. (0x12B)
[0602/171043.075:WARNING:pe_image_reader.cc(340)] could not read dos header from C:\Windows\System32\CRYPT32.dll
[0602/171043.075:ERROR:process_memory_win.cc(73)] ReadMemory at 0x7ff9ba920000 of 64 bytes failed: Only part of a ReadProcessMemory or WriteProcessMemory request was completed. (0x12B)
[0602/171043.075:WARNING:pe_image_reader.cc(340)] could not read dos header from C:\Windows\SYSTEM32\IPHLPAPI.DLL
[0602/171043.075:ERROR:process_memory_win.cc(73)] ReadMemory at 0x7ff9b7f10000 of 64 bytes failed: Only part of a ReadProcessMemory or WriteProcessMemory request was completed. (0x12B)
[0602/171043.075:WARNING:pe_image_reader.cc(340)] could not read dos header from C:\Windows\SYSTEM32\WINMM.dll
[0602/171043.075:ERROR:process_memory_win.cc(73)] ReadMemory at 0x7ff99cfe0000 of 64 bytes failed: Only part of a ReadProcessMemory or WriteProcessMemory request was completed. (0x12B)
[0602/171043.075:WARNING:pe_image_reader.cc(340)] could not read dos header from C:\Windows\SYSTEM32\Secur32.dll
[0602/171043.075:ERROR:process_memory_win.cc(73)] ReadMemory at 0x7ff9bb2c0000 of 64 bytes failed: Only part of a ReadProcessMemory or WriteProcessMemory request was completed. (0x12B)
[0602/171043.075:WARNING:pe_image_reader.cc(340)] could not read dos header from C:\Windows\SYSTEM32\USERENV.dll
[0602/171043.075:ERROR:process_memory_win.cc(73)] ReadMemory at 0x7ff9bb400000 of 64 bytes failed: Only part of a ReadProcessMemory or WriteProcessMemory request was completed. (0x12B)
[0602/171043.075:WARNING:pe_image_reader.cc(340)] could not read dos header from C:\Windows\System32\profapi.dll
[0602/171043.075:ERROR:process_memory_win.cc(73)] ReadMemory at 0x7ff9916e0000 of 64 bytes failed: Only part of a ReadProcessMemory or WriteProcessMemory request was completed. (0x12B)
[0602/171043.075:WARNING:pe_image_reader.cc(340)] could not read dos header from C:\Windows\SYSTEM32\UIAutomationCore.DLL
[0602/171043.075:ERROR:process_memory_win.cc(73)] ReadMemory at 0x7ff9a7010000 of 64 bytes failed: Only part of a ReadProcessMemory or WriteProcessMemory request was completed. (0x12B)
[0602/171043.075:WARNING:pe_image_reader.cc(340)] could not read dos header from C:\Windows\SYSTEM32\WINHTTP.dll
[0602/171043.075:ERROR:process_memory_win.cc(73)] ReadMemory at 0x7ff999d60000 of 64 bytes failed: Only part of a ReadProcessMemory or WriteProcessMemory request was completed. (0x12B)
[0602/171043.075:WARNING:pe_image_reader.cc(340)] could not read dos header from C:\Windows\SYSTEM32\DWrite.dll
[0602/171043.075:ERROR:process_memory_win.cc(73)] ReadMemory at 0x7ff9ae410000 of 64 bytes failed: Only part of a ReadProcessMemory or WriteProcessMemory request was completed. (0x12B)
[0602/171043.075:WARNING:pe_image_reader.cc(340)] could not read dos header from C:\Windows\SYSTEM32\WINSPOOL.DRV
[0602/171043.075:ERROR:process_memory_win.cc(73)] ReadMemory at 0x7ff9bb430000 of 64 bytes failed: Only part of a ReadProcessMemory or WriteProcessMemory request was completed. (0x12B)
[0602/171043.075:WARNING:pe_image_reader.cc(340)] could not read dos header from C:\Windows\System32\kernel.appcore.dll
[0602/171043.075:ERROR:process_memory_win.cc(73)] ReadMemory at 0x7ff9bb470000 of 64 bytes failed: Only part of a ReadProcessMemory or WriteProcessMemory request was completed. (0x12B)
[0602/171043.075:WARNING:pe_image_reader.cc(340)] could not read dos header from C:\Windows\System32\bcrypt.dll
[0602/171043.075:ERROR:process_memory_win.cc(73)] ReadMemory at 0x7ff99c780000 of 64 bytes failed: Only part of a ReadProcessMemory or WriteProcessMemory request was completed. (0x12B)
[0602/171043.075:WARNING:pe_image_reader.cc(340)] could not read dos header from C:\Windows\SYSTEM32\dbghelp.dll
[0602/171043.075:ERROR:process_memory_win.cc(73)] ReadMemory at 0x7ff9b2be0000 of 64 bytes failed: Only part of a ReadProcessMemory or WriteProcessMemory request was completed. (0x12B)
[0602/171043.075:WARNING:pe_image_reader.cc(340)] could not read dos header from C:\Windows\SYSTEM32\dhcpcsvc.DLL
[0602/171043.075:ERROR:process_memory_win.cc(73)] ReadMemory at 0x7ff9bded0000 of 64 bytes failed: Only part of a ReadProcessMemory or WriteProcessMemory request was completed. (0x12B)
[0602/171043.075:WARNING:pe_image_reader.cc(340)] could not read dos header from C:\Windows\System32\NSI.dll
[0602/171043.075:ERROR:process_memory_win.cc(73)] ReadMemory at 0x7ff9b7ee0000 of 64 bytes failed: Only part of a ReadProcessMemory or WriteProcessMemory request was completed. (0x12B)
[0602/171043.075:WARNING:pe_image_reader.cc(340)] could not read dos header from C:\Windows\SYSTEM32\WINMMBASE.dll
[0602/171043.075:ERROR:process_memory_win.cc(73)] ReadMemory at 0x7ff9bc4e0000 of 64 bytes failed: Only part of a ReadProcessMemory or WriteProcessMemory request was completed. (0x12B)
[0602/171043.075:WARNING:pe_image_reader.cc(340)] could not read dos header from C:\Windows\System32\cfgmgr32.dll
[0602/171043.075:ERROR:process_memory_win.cc(73)] ReadMemory at 0x7ff9b7980000 of 64 bytes failed: Only part of a ReadProcessMemory or WriteProcessMemory request was completed. (0x12B)
[0602/171043.075:WARNING:pe_image_reader.cc(340)] could not read dos header from C:\Windows\SYSTEM32\PROPSYS.dll
[0602/171043.075:ERROR:process_memory_win.cc(73)] ReadMemory at 0x7ff9bdb20000 of 64 bytes failed: Only part of a ReadProcessMemory or WriteProcessMemory request was completed. (0x12B)
[0602/171043.075:WARNING:pe_image_reader.cc(340)] could not read dos header from C:\Windows\System32\shcore.dll
[0602/171043.075:ERROR:process_memory_win.cc(73)] ReadMemory at 0x7ff9bb290000 of 64 bytes failed: Only part of a ReadProcessMemory or WriteProcessMemory request was completed. (0x12B)
[0602/171043.076:WARNING:pe_image_reader.cc(340)] could not read dos header from C:\Windows\SYSTEM32\SSPICLI.DLL
[0602/171043.076:ERROR:process_memory_win.cc(73)] ReadMemory at 0x7ff9bade0000 of 64 bytes failed: Only part of a ReadProcessMemory or WriteProcessMemory request was completed. (0x12B)
[0602/171043.076:WARNING:pe_image_reader.cc(340)] could not read dos header from C:\Windows\SYSTEM32\CRYPTBASE.DLL
[0602/171043.082:ERROR:process_memory_win.cc(73)] ReadMemory at 0xea4a01000 of 8384512 bytes failed: Only part of a ReadProcessMemory or WriteProcessMemory request was completed. (0x12B)
[0602/171043.091:ERROR:process_memory_win.cc(73)] ReadMemory at 0xea59ff000 of 4096 bytes failed: Only part of a ReadProcessMemory or WriteProcessMemory request was completed. (0x12B)
[0602/171043.091:ERROR:process_memory_win.cc(73)] ReadMemory at 0xea61fd000 of 12288 bytes failed: Only part of a ReadProcessMemory or WriteProcessMemory request was completed. (0x12B)
[0602/171043.091:ERROR:process_memory_win.cc(73)] ReadMemory at 0xea69f9000 of 28672 bytes failed: Only part of a ReadProcessMemory or WriteProcessMemory request was completed. (0x12B)
[0602/171043.091:ERROR:process_memory_win.cc(73)] ReadMemory at 0xea71fc000 of 16384 bytes failed: Only part of a ReadProcessMemory or WriteProcessMemory request was completed. (0x12B)
[0602/171043.091:ERROR:process_memory_win.cc(73)] ReadMemory at 0xea79fb000 of 20480 bytes failed: Only part of a ReadProcessMemory or WriteProcessMemory request was completed. (0x12B)
[0602/171043.091:ERROR:process_memory_win.cc(73)] ReadMemory at 0xea81fd000 of 12288 bytes failed: Only part of a ReadProcessMemory or WriteProcessMemory request was completed. (0x12B)
[0602/171043.091:ERROR:process_memory_win.cc(73)] ReadMemory at 0xea89fb000 of 20480 bytes failed: Only part of a ReadProcessMemory or WriteProcessMemory request was completed. (0x12B)
[0602/171043.091:ERROR:process_memory_win.cc(73)] ReadMemory at 0xea91fd000 of 12288 bytes failed: Only part of a ReadProcessMemory or WriteProcessMemory request was completed. (0x12B)
[0602/171043.091:ERROR:process_memory_win.cc(73)] ReadMemory at 0xea99fd000 of 12288 bytes failed: Only part of a ReadProcessMemory or WriteProcessMemory request was completed. (0x12B)
[0602/171043.091:ERROR:process_memory_win.cc(73)] ReadMemory at 0xeaa1fd000 of 12288 bytes failed: Only part of a ReadProcessMemory or WriteProcessMemory request was completed. (0x12B)
[0602/171043.091:ERROR:process_memory_win.cc(73)] ReadMemory at 0xeaa9fd000 of 12288 bytes failed: Only part of a ReadProcessMemory or WriteProcessMemory request was completed. (0x12B)
[0602/171043.091:ERROR:process_memory_win.cc(73)] ReadMemory at 0xeab1fd000 of 12288 bytes failed: Only part of a ReadProcessMemory or WriteProcessMemory request was completed. (0x12B)
[0602/171043.091:ERROR:process_memory_win.cc(73)] ReadMemory at 0xeab9fd000 of 12288 bytes failed: Only part of a ReadProcessMemory or WriteProcessMemory request was completed. (0x12B)
[0602/171043.091:ERROR:process_memory_win.cc(73)] ReadMemory at 0xeac1f7000 of 36864 bytes failed: Only part of a ReadProcessMemory or WriteProcessMemory request was completed. (0x12B)
[0602/171043.092:ERROR:process_memory_win.cc(73)] ReadMemory at 0xeac9fc000 of 16384 bytes failed: Only part of a ReadProcessMemory or WriteProcessMemory request was completed. (0x12B)
[0602/171043.092:ERROR:process_memory_win.cc(73)] ReadMemory at 0xea4842000 of 852 bytes failed: Only part of a ReadProcessMemory or WriteProcessMemory request was completed. (0x12B)
[0602/171043.092:ERROR:process_memory_win.cc(73)] ReadMemory at 0xea4843000 of 6024 bytes failed: Only part of a ReadProcessMemory or WriteProcessMemory request was completed. (0x12B)
[0602/171043.092:ERROR:process_memory_win.cc(73)] ReadMemory at 0xea4845000 of 6024 bytes failed: Only part of a ReadProcessMemory or WriteProcessMemory request was completed. (0x12B)
[0602/171043.092:ERROR:process_memory_win.cc(73)] ReadMemory at 0xea4847000 of 6024 bytes failed: Only part of a ReadProcessMemory or WriteProcessMemory request was completed. (0x12B)
[0602/171043.092:ERROR:process_memory_win.cc(73)] ReadMemory at 0xea4849000 of 6024 bytes failed: Only part of a ReadProcessMemory or WriteProcessMemory request was completed. (0x12B)
[0602/171043.092:ERROR:process_memory_win.cc(73)] ReadMemory at 0xea484b000 of 6024 bytes failed: Only part of a ReadProcessMemory or WriteProcessMemory request was completed. (0x12B)
[0602/171043.092:ERROR:process_memory_win.cc(73)] ReadMemory at 0xea484d000 of 6024 bytes failed: Only part of a ReadProcessMemory or WriteProcessMemory request was completed. (0x12B)
[0602/171043.092:ERROR:process_memory_win.cc(73)] ReadMemory at 0xea484f000 of 6024 bytes failed: Only part of a ReadProcessMemory or WriteProcessMemory request was completed. (0x12B)
[0602/171043.092:ERROR:process_memory_win.cc(73)] ReadMemory at 0xea4851000 of 6024 bytes failed: Only part of a ReadProcessMemory or WriteProcessMemory request was completed. (0x12B)
[0602/171043.092:ERROR:process_memory_win.cc(73)] ReadMemory at 0xea4853000 of 6024 bytes failed: Only part of a ReadProcessMemory or WriteProcessMemory request was completed. (0x12B)
[0602/171043.092:ERROR:process_memory_win.cc(73)] ReadMemory at 0xea4855000 of 6024 bytes failed: Only part of a ReadProcessMemory or WriteProcessMemory request was completed. (0x12B)
[0602/171043.092:ERROR:process_memory_win.cc(73)] ReadMemory at 0xea4857000 of 6024 bytes failed: Only part of a ReadProcessMemory or WriteProcessMemory request was completed. (0x12B)
[0602/171043.092:ERROR:process_memory_win.cc(73)] ReadMemory at 0xea4859000 of 6024 bytes failed: Only part of a ReadProcessMemory or WriteProcessMemory request was completed. (0x12B)
[0602/171043.092:ERROR:process_memory_win.cc(73)] ReadMemory at 0xea485b000 of 6024 bytes failed: Only part of a ReadProcessMemory or WriteProcessMemory request was completed. (0x12B)
[0602/171043.092:ERROR:process_memory_win.cc(73)] ReadMemory at 0xea485d000 of 6024 bytes failed: Only part of a ReadProcessMemory or WriteProcessMemory request was completed. (0x12B)
[0602/171043.093:ERROR:process_memory_win.cc(73)] ReadMemory at 0xea485f000 of 6024 bytes failed: Only part of a ReadProcessMemory or WriteProcessMemory request was completed. (0x12B)
[0602/171043.093:ERROR:process_memory_win.cc(73)] ReadMemory at 0xea4861000 of 6024 bytes failed: Only part of a ReadProcessMemory or WriteProcessMemory request was completed. (0x12B)
[0602/171043.093:ERROR:process_memory_win.cc(73)] ReadMemory at 0x127e8d502c0 of 40 bytes failed: Only part of a ReadProcessMemory or WriteProcessMemory request was completed. (0x12B)
[0602/171043.093:ERROR:process_memory_win.cc(73)] ReadMemory at 0x127e8d602c0 of 40 bytes failed: Only part of a ReadProcessMemory or WriteProcessMemory request was completed. (0x12B)
[0602/171043.093:ERROR:process_memory_win.cc(73)] ReadMemory at 0x127e8e302c0 of 40 bytes failed: Only part of a ReadProcessMemory or WriteProcessMemory request was completed. (0x12B)
[0602/171043.093:ERROR:process_memory_win.cc(73)] ReadMemory at 0x127e8e702c0 of 40 bytes failed: Only part of a ReadProcessMemory or WriteProcessMemory request was completed. (0x12B)
[0602/171043.093:ERROR:process_memory_win.cc(73)] ReadMemory at 0x127e8e707c0 of 48 bytes failed: Only part of a ReadProcessMemory or WriteProcessMemory request was completed. (0x12B)
[0602/171043.093:ERROR:process_memory_win.cc(73)] ReadMemory at 0x127e8e70fe0 of 5384 bytes failed: Only part of a ReadProcessMemory or WriteProcessMemory request was completed. (0x12B)
[0602/171043.093:ERROR:process_memory_win.cc(73)] ReadMemory at 0x127e8e724f0 of 1012 bytes failed: Only part of a ReadProcessMemory or WriteProcessMemory request was completed. (0x12B)
[0602/171043.093:ERROR:process_memory_win.cc(73)] ReadMemory at 0x127e8e72b38 of 120 bytes failed: Only part of a ReadProcessMemory or WriteProcessMemory request was completed. (0x12B)
[0602/171043.093:ERROR:process_memory_win.cc(73)] ReadMemory at 0x127e8e72bb2 of 834 bytes failed: Only part of a ReadProcessMemory or WriteProcessMemory request was completed. (0x12B)
[0602/171043.093:ERROR:process_memory_win.cc(73)] ReadMemory at 0x127e8e72ef6 of 120 bytes failed: Only part of a ReadProcessMemory or WriteProcessMemory request was completed. (0x12B)
[0602/171043.093:ERROR:process_memory_win.cc(73)] ReadMemory at 0x127e8e72f70 of 94 bytes failed: Only part of a ReadProcessMemory or WriteProcessMemory request was completed. (0x12B)
[0602/171043.093:ERROR:process_memory_win.cc(73)] ReadMemory at 0x127e8e72fe0 of 58 bytes failed: Only part of a ReadProcessMemory or WriteProcessMemory request was completed. (0x12B)
[0602/171043.093:ERROR:process_memory_win.cc(73)] ReadMemory at 0x127e8e730e0 of 132 bytes failed: Only part of a ReadProcessMemory or WriteProcessMemory request was completed. (0x12B)
[0602/171043.093:ERROR:process_memory_win.cc(73)] ReadMemory at 0x127e8e73270 of 132 bytes failed: Only part of a ReadProcessMemory or WriteProcessMemory request was completed. (0x12B)
[0602/171043.093:ERROR:process_memory_win.cc(73)] ReadMemory at 0x127e8e73380 of 512 bytes failed: Only part of a ReadProcessMemory or WriteProcessMemory request was completed. (0x12B)
[0602/171043.093:ERROR:process_memory_win.cc(73)] ReadMemory at 0x127e8e73810 of 132 bytes failed: Only part of a ReadProcessMemory or WriteProcessMemory request was completed. (0x12B)
[0602/171043.093:ERROR:process_memory_win.cc(73)] ReadMemory at 0x127e8e739a0 of 64 bytes failed: Only part of a ReadProcessMemory or WriteProcessMemory request was completed. (0x12B)
[0602/171043.093:ERROR:process_memory_win.cc(73)] ReadMemory at 0x127e8e739f0 of 132 bytes failed: Only part of a ReadProcessMemory or WriteProcessMemory request was completed. (0x12B)
[0602/171043.093:ERROR:process_memory_win.cc(73)] ReadMemory at 0x127e8e73b60 of 132 bytes failed: Only part of a ReadProcessMemory or WriteProcessMemory request was completed. (0x12B)
[0602/171043.094:ERROR:process_memory_win.cc(73)] ReadMemory at 0x127e8e73e00 of 132 bytes failed: Only part of a ReadProcessMemory or WriteProcessMemory request was completed. (0x12B)
[0602/171043.094:ERROR:process_memory_win.cc(73)] ReadMemory at 0x127e8e73f90 of 68 bytes failed: Only part of a ReadProcessMemory or WriteProcessMemory request was completed. (0x12B)
[0602/171043.094:ERROR:process_memory_win.cc(73)] ReadMemory at 0x127e8e74fd0 of 152 bytes failed: Only part of a ReadProcessMemory or WriteProcessMemory request was completed. (0x12B)
[0602/171043.094:ERROR:process_memory_win.cc(73)] ReadMemory at 0x127e8e75d3a of 512 bytes failed: Only part of a ReadProcessMemory or WriteProcessMemory request was completed. (0x12B)
[0602/171043.094:ERROR:process_memory_win.cc(73)] ReadMemory at 0x127e8e77af0 of 132 bytes failed: Only part of a ReadProcessMemory or WriteProcessMemory request was completed. (0x12B)
[0602/171043.094:ERROR:process_memory_win.cc(73)] ReadMemory at 0x127e8e77c20 of 132 bytes failed: Only part of a ReadProcessMemory or WriteProcessMemory request was completed. (0x12B)
[0602/171043.094:ERROR:process_memory_win.cc(73)] ReadMemory at 0x127e8e77f10 of 132 bytes failed: Only part of a ReadProcessMemory or WriteProcessMemory request was completed. (0x12B)
[0602/171043.094:ERROR:process_memory_win.cc(73)] ReadMemory at 0x127e8e780a0 of 80 bytes failed: Only part of a ReadProcessMemory or WriteProcessMemory request was completed. (0x12B)
[0602/171043.094:ERROR:process_memory_win.cc(73)] ReadMemory at 0x127e8e78100 of 144 bytes failed: Only part of a ReadProcessMemory or WriteProcessMemory request was completed. (0x12B)
[0602/171043.094:ERROR:process_memory_win.cc(73)] ReadMemory at 0x127e8e7a750 of 64 bytes failed: Only part of a ReadProcessMemory or WriteProcessMemory request was completed. (0x12B)
[0602/171043.094:ERROR:process_memory_win.cc(73)] ReadMemory at 0x127e8e7a840 of 62 bytes failed: Only part of a ReadProcessMemory or WriteProcessMemory request was completed. (0x12B)
[0602/171043.094:ERROR:process_memory_win.cc(73)] ReadMemory at 0x127e8e7a890 of 62 bytes failed: Only part of a ReadProcessMemory or WriteProcessMemory request was completed. (0x12B)
[0602/171043.094:ERROR:process_memory_win.cc(73)] ReadMemory at 0x127e8e7a930 of 62 bytes failed: Only part of a ReadProcessMemory or WriteProcessMemory request was completed. (0x12B)
[0602/171043.094:ERROR:process_memory_win.cc(73)] ReadMemory at 0x127e8e7aac0 of 64 bytes failed: Only part of a ReadProcessMemory or WriteProcessMemory request was completed. (0x12B)
[0602/171043.094:ERROR:process_memory_win.cc(73)] ReadMemory at 0x127e8e7ab60 of 62 bytes failed: Only part of a ReadProcessMemory or WriteProcessMemory request was completed. (0x12B)
[0602/171043.094:ERROR:process_memory_win.cc(73)] ReadMemory at 0x127e8e7ac00 of 64 bytes failed: Only part of a ReadProcessMemory or WriteProcessMemory request was completed. (0x12B)
[0602/171043.094:ERROR:process_memory_win.cc(73)] ReadMemory at 0x127e8e7aca0 of 62 bytes failed: Only part of a ReadProcessMemory or WriteProcessMemory request was completed. (0x12B)
[0602/171043.094:ERROR:process_memory_win.cc(73)] ReadMemory at 0x127e8e7acf0 of 66 bytes failed: Only part of a ReadProcessMemory or WriteProcessMemory request was completed. (0x12B)
[0602/171043.094:ERROR:process_memory_win.cc(73)] ReadMemory at 0x127e8e7ad40 of 60 bytes failed: Only part of a ReadProcessMemory or WriteProcessMemory request was completed. (0x12B)
[0602/171043.094:ERROR:process_memory_win.cc(73)] ReadMemory at 0x127e8e7ad90 of 62 bytes failed: Only part of a ReadProcessMemory or WriteProcessMemory request was completed. (0x12B)
[0602/171043.094:ERROR:process_memory_win.cc(73)] ReadMemory at 0x127e8e7ade0 of 64 bytes failed: Only part of a ReadProcessMemory or WriteProcessMemory request was completed. (0x12B)
[0602/171043.094:ERROR:process_memory_win.cc(73)] ReadMemory at 0x127e8e7aed0 of 60 bytes failed: Only part of a ReadProcessMemory or WriteProcessMemory request was completed. (0x12B)
[0602/171043.095:ERROR:process_memory_win.cc(73)] ReadMemory at 0x127e8e7b0b0 of 62 bytes failed: Only part of a ReadProcessMemory or WriteProcessMemory request was completed. (0x12B)
[0602/171043.095:ERROR:process_memory_win.cc(73)] ReadMemory at 0x127e8e7b100 of 58 bytes failed: Only part of a ReadProcessMemory or WriteProcessMemory request was completed. (0x12B)
[0602/171043.095:ERROR:process_memory_win.cc(73)] ReadMemory at 0x127e8e7b150 of 60 bytes failed: Only part of a ReadProcessMemory or WriteProcessMemory request was completed. (0x12B)
[0602/171043.095:ERROR:process_memory_win.cc(73)] ReadMemory at 0x127e8e7b1f0 of 62 bytes failed: Only part of a ReadProcessMemory or WriteProcessMemory request was completed. (0x12B)
[0602/171043.095:ERROR:process_memory_win.cc(73)] ReadMemory at 0x127e8e7b380 of 62 bytes failed: Only part of a ReadProcessMemory or WriteProcessMemory request was completed. (0x12B)
[0602/171043.095:ERROR:process_memory_win.cc(73)] ReadMemory at 0x127e8e7b420 of 64 bytes failed: Only part of a ReadProcessMemory or WriteProcessMemory request was completed. (0x12B)
[0602/171043.095:ERROR:process_memory_win.cc(73)] ReadMemory at 0x127e8e7b650 of 60 bytes failed: Only part of a ReadProcessMemory or WriteProcessMemory request was completed. (0x12B)
[0602/171043.095:ERROR:process_memory_win.cc(73)] ReadMemory at 0x127e8e7bec0 of 40 bytes failed: Only part of a ReadProcessMemory or WriteProcessMemory request was completed. (0x12B)
[0602/171043.095:ERROR:process_memory_win.cc(73)] ReadMemory at 0x127e8e7d680 of 132 bytes failed: Only part of a ReadProcessMemory or WriteProcessMemory request was completed. (0x12B)
[0602/171043.095:ERROR:process_memory_win.cc(73)] ReadMemory at 0x127e8e7e300 of 132 bytes failed: Only part of a ReadProcessMemory or WriteProcessMemory request was completed. (0x12B)
[0602/171043.095:ERROR:process_memory_win.cc(73)] ReadMemory at 0x127e8e7e750 of 62 bytes failed: Only part of a ReadProcessMemory or WriteProcessMemory request was completed. (0x12B)
[0602/171043.095:ERROR:process_memory_win.cc(73)] ReadMemory at 0x127e8e7e890 of 64 bytes failed: Only part of a ReadProcessMemory or WriteProcessMemory request was completed. (0x12B)
[0602/171043.095:ERROR:process_memory_win.cc(73)] ReadMemory at 0x127e8e7e980 of 60 bytes failed: Only part of a ReadProcessMemory or WriteProcessMemory request was completed. (0x12B)
[0602/171043.095:ERROR:process_memory_win.cc(73)] ReadMemory at 0x127e8e7eb60 of 64 bytes failed: Only part of a ReadProcessMemory or WriteProcessMemory request was completed. (0x12B)
[0602/171043.095:ERROR:process_memory_win.cc(73)] ReadMemory at 0x127e8e7ebb0 of 66 bytes failed: Only part of a ReadProcessMemory or WriteProcessMemory request was completed. (0x12B)
[0602/171043.095:ERROR:process_memory_win.cc(73)] ReadMemory at 0x127e8e7ecf0 of 60 bytes failed: Only part of a ReadProcessMemory or WriteProcessMemory request was completed. (0x12B)
[0602/171043.095:ERROR:process_memory_win.cc(73)] ReadMemory at 0x127e8e7ed40 of 64 bytes failed: Only part of a ReadProcessMemory or WriteProcessMemory request was completed. (0x12B)
[0602/171043.095:ERROR:process_memory_win.cc(73)] ReadMemory at 0x127e8e7ede0 of 60 bytes failed: Only part of a ReadProcessMemory or WriteProcessMemory request was completed. (0x12B)
[0602/171043.095:ERROR:process_memory_win.cc(73)] ReadMemory at 0x127e8e7efa0 of 132 bytes failed: Only part of a ReadProcessMemory or WriteProcessMemory request was completed. (0x12B)
[0602/171043.095:ERROR:process_memory_win.cc(73)] ReadMemory at 0x127e8e80370 of 54 bytes failed: Only part of a ReadProcessMemory or WriteProcessMemory request was completed. (0x12B)
[0602/171043.095:ERROR:process_memory_win.cc(73)] ReadMemory at 0x127e8e82570 of 132 bytes failed: Only part of a ReadProcessMemory or WriteProcessMemory request was completed. (0x12B)
[0602/171043.095:ERROR:process_memory_win.cc(73)] ReadMemory at 0x127e8e826d0 of 124 bytes failed: Only part of a ReadProcessMemory or WriteProcessMemory request was completed. (0x12B)
[0602/171043.095:ERROR:process_memory_win.cc(73)] ReadMemory at 0x127e8e842f0 of 132 bytes failed: Only part of a ReadProcessMemory or WriteProcessMemory request was completed. (0x12B)
[0602/171043.096:ERROR:process_memory_win.cc(73)] ReadMemory at 0x127e8e84650 of 132 bytes failed: Only part of a ReadProcessMemory or WriteProcessMemory request was completed. (0x12B)
[0602/171043.096:ERROR:process_memory_win.cc(73)] ReadMemory at 0x127e8e84f90 of 132 bytes failed: Only part of a ReadProcessMemory or WriteProcessMemory request was completed. (0x12B)
[0602/171043.096:ERROR:process_memory_win.cc(73)] ReadMemory at 0x127e8e851a0 of 132 bytes failed: Only part of a ReadProcessMemory or WriteProcessMemory request was completed. (0x12B)
[0602/171043.096:ERROR:process_memory_win.cc(73)] ReadMemory at 0x127e8e855a0 of 132 bytes failed: Only part of a ReadProcessMemory or WriteProcessMemory request was completed. (0x12B)
[0602/171043.096:ERROR:process_memory_win.cc(73)] ReadMemory at 0x127e8e856d0 of 132 bytes failed: Only part of a ReadProcessMemory or WriteProcessMemory request was completed. (0x12B)
[0602/171043.096:ERROR:process_memory_win.cc(73)] ReadMemory at 0x127e8e85800 of 132 bytes failed: Only part of a ReadProcessMemory or WriteProcessMemory request was completed. (0x12B)
[0602/171043.096:ERROR:process_memory_win.cc(73)] ReadMemory at 0x127e8e85930 of 132 bytes failed: Only part of a ReadProcessMemory or WriteProcessMemory request was completed. (0x12B)
[0602/171043.096:ERROR:process_memory_win.cc(73)] ReadMemory at 0x127e8e85a60 of 132 bytes failed: Only part of a ReadProcessMemory or WriteProcessMemory request was completed. (0x12B)
[0602/171043.096:ERROR:process_memory_win.cc(73)] ReadMemory at 0x127e8e85b90 of 132 bytes failed: Only part of a ReadProcessMemory or WriteProcessMemory request was completed. (0x12B)
[0602/171043.096:ERROR:process_memory_win.cc(73)] ReadMemory at 0x127e8e85cc0 of 132 bytes failed: Only part of a ReadProcessMemory or WriteProcessMemory request was completed. (0x12B)
[0602/171043.096:ERROR:process_memory_win.cc(73)] ReadMemory at 0x127e8e85df0 of 132 bytes failed: Only part of a ReadProcessMemory or WriteProcessMemory request was completed. (0x12B)
[0602/171043.096:ERROR:process_memory_win.cc(73)] ReadMemory at 0x127e8e85f20 of 132 bytes failed: Only part of a ReadProcessMemory or WriteProcessMemory request was completed. (0x12B)
[0602/171043.096:ERROR:process_memory_win.cc(73)] ReadMemory at 0x127e8e86180 of 132 bytes failed: Only part of a ReadProcessMemory or WriteProcessMemory request was completed. (0x12B)
[0602/171043.096:ERROR:process_memory_win.cc(73)] ReadMemory at 0x127e8e862b0 of 132 bytes failed: Only part of a ReadProcessMemory or WriteProcessMemory request was completed. (0x12B)
[0602/171043.096:ERROR:process_memory_win.cc(73)] ReadMemory at 0x127e8e863e0 of 132 bytes failed: Only part of a ReadProcessMemory or WriteProcessMemory request was completed. (0x12B)
[0602/171043.096:ERROR:process_memory_win.cc(73)] ReadMemory at 0x127e8e87030 of 76 bytes failed: Only part of a ReadProcessMemory or WriteProcessMemory request was completed. (0x12B)
[0602/171043.096:ERROR:process_memory_win.cc(73)] ReadMemory at 0x127e8e874b0 of 80 bytes failed: Only part of a ReadProcessMemory or WriteProcessMemory request was completed. (0x12B)
[0602/171043.096:ERROR:process_memory_win.cc(73)] ReadMemory at 0x127e8e88150 of 132 bytes failed: Only part of a ReadProcessMemory or WriteProcessMemory request was completed. (0x12B)
[0602/171043.096:ERROR:process_memory_win.cc(73)] ReadMemory at 0x127e8e883b0 of 132 bytes failed: Only part of a ReadProcessMemory or WriteProcessMemory request was completed. (0x12B)
[0602/171043.096:ERROR:process_memory_win.cc(73)] ReadMemory at 0x127e8e884e0 of 132 bytes failed: Only part of a ReadProcessMemory or WriteProcessMemory request was completed. (0x12B)
[0602/171043.096:ERROR:process_memory_win.cc(73)] ReadMemory at 0x127e8e88610 of 132 bytes failed: Only part of a ReadProcessMemory or WriteProcessMemory request was completed. (0x12B)
[0602/171043.096:ERROR:process_memory_win.cc(73)] ReadMemory at 0x127e8e88740 of 132 bytes failed: Only part of a ReadProcessMemory or WriteProcessMemory request was completed. (0x12B)
[0602/171043.096:ERROR:process_memory_win.cc(73)] ReadMemory at 0x127e8e889a0 of 132 bytes failed: Only part of a ReadProcessMemory or WriteProcessMemory request was completed. (0x12B)
[0602/171043.097:ERROR:process_memory_win.cc(73)] ReadMemory at 0x127e8e88f90 of 132 bytes failed: Only part of a ReadProcessMemory or WriteProcessMemory request was completed. (0x12B)
[0602/171043.097:ERROR:process_memory_win.cc(73)] ReadMemory at 0x127e8e89320 of 132 bytes failed: Only part of a ReadProcessMemory or WriteProcessMemory request was completed. (0x12B)
[0602/171043.097:ERROR:process_memory_win.cc(73)] ReadMemory at 0x127e8e89b70 of 132 bytes failed: Only part of a ReadProcessMemory or WriteProcessMemory request was completed. (0x12B)
[0602/171043.097:ERROR:process_memory_win.cc(73)] ReadMemory at 0x127e8e8a8d0 of 512 bytes failed: Only part of a ReadProcessMemory or WriteProcessMemory request was completed. (0x12B)
[0602/171043.097:ERROR:process_memory_win.cc(73)] ReadMemory at 0x127e8e95e90 of 40 bytes failed: Only part of a ReadProcessMemory or WriteProcessMemory request was completed. (0x12B)
[0602/171043.097:ERROR:process_memory_win.cc(73)] ReadMemory at 0x127e8e97780 of 48 bytes failed: Only part of a ReadProcessMemory or WriteProcessMemory request was completed. (0x12B)
[0602/171043.097:ERROR:process_memory_win.cc(73)] ReadMemory at 0x127e8e98000 of 48 bytes failed: Only part of a ReadProcessMemory or WriteProcessMemory request was completed. (0x12B)
[0602/171043.097:ERROR:process_memory_win.cc(73)] ReadMemory at 0x127e8e98100 of 48 bytes failed: Only part of a ReadProcessMemory or WriteProcessMemory request was completed. (0x12B)
[0602/171043.097:ERROR:process_memory_win.cc(73)] ReadMemory at 0x127e90702c0 of 40 bytes failed: Only part of a ReadProcessMemory or WriteProcessMemory request was completed. (0x12B)
[0602/171043.097:ERROR:process_memory_win.cc(73)] ReadMemory at 0x127e90e0f40 of 512 bytes failed: Only part of a ReadProcessMemory or WriteProcessMemory request was completed. (0x12B)
[0602/171043.097:ERROR:process_memory_win.cc(73)] ReadMemory at 0x127e90e1240 of 512 bytes failed: Only part of a ReadProcessMemory or WriteProcessMemory request was completed. (0x12B)
[0602/171043.097:ERROR:process_memory_win.cc(73)] ReadMemory at 0x127e91802c0 of 40 bytes failed: Only part of a ReadProcessMemory or WriteProcessMemory request was completed. (0x12B)
[0602/171043.097:ERROR:process_memory_win.cc(73)] ReadMemory at 0x127e95eff80 of 512 bytes failed: Only part of a ReadProcessMemory or WriteProcessMemory request was completed. (0x12B)
[0602/171043.097:ERROR:process_memory_win.cc(73)] ReadMemory at 0x127e961e898 of 512 bytes failed: Only part of a ReadProcessMemory or WriteProcessMemory request was completed. (0x12B)
[0602/171043.097:ERROR:process_memory_win.cc(73)] ReadMemory at 0x127e96293f0 of 512 bytes failed: Only part of a ReadProcessMemory or WriteProcessMemory request was completed. (0x12B)
[0602/171043.097:ERROR:process_memory_win.cc(73)] ReadMemory at 0x127e9648a10 of 712 bytes failed: Only part of a ReadProcessMemory or WriteProcessMemory request was completed. (0x12B)
[0602/171043.097:ERROR:process_memory_win.cc(73)] ReadMemory at 0x127e9660b88 of 512 bytes failed: Only part of a ReadProcessMemory or WriteProcessMemory request was completed. (0x12B)
[0602/171043.097:ERROR:process_memory_win.cc(73)] ReadMemory at 0x127e9661908 of 512 bytes failed: Only part of a ReadProcessMemory or WriteProcessMemory request was completed. (0x12B)
[0602/171043.097:ERROR:process_memory_win.cc(73)] ReadMemory at 0x127e9662568 of 512 bytes failed: Only part of a ReadProcessMemory or WriteProcessMemory request was completed. (0x12B)
[0602/171043.097:ERROR:process_memory_win.cc(73)] ReadMemory at 0x127e969a3f0 of 512 bytes failed: Only part of a ReadProcessMemory or WriteProcessMemory request was completed. (0x12B)
[0602/171043.097:ERROR:process_memory_win.cc(73)] ReadMemory at 0x127e97b02c0 of 40 bytes failed: Only part of a ReadProcessMemory or WriteProcessMemory request was completed. (0x12B)
[0602/171043.097:ERROR:process_memory_win.cc(73)] ReadMemory at 0x127e97c02c0 of 40 bytes failed: Only part of a ReadProcessMemory or WriteProcessMemory request was completed. (0x12B)
[0602/171043.098:ERROR:process_memory_win.cc(73)] ReadMemory at 0x5dd9d4f59200 of 512 bytes failed: Only part of a ReadProcessMemory or WriteProcessMemory request was completed. (0x12B)
[0602/171043.098:ERROR:process_memory_win.cc(73)] ReadMemory at 0x62fd7c0939d0 of 512 bytes failed: Only part of a ReadProcessMemory or WriteProcessMemory request was completed. (0x12B)
[0602/171043.098:ERROR:process_memory_win.cc(73)] ReadMemory at 0x7ff961e8caf1 of 512 bytes failed: Only part of a ReadProcessMemory or WriteProcessMemory request was completed. (0x12B)
[0602/171043.098:ERROR:process_memory_win.cc(73)] ReadMemory at 0x7ff9b3dd2f40 of 40 bytes failed: Only part of a ReadProcessMemory or WriteProcessMemory request was completed. (0x12B)
[0602/171043.098:ERROR:process_memory_win.cc(73)] ReadMemory at 0x7ff9bb2b8cb0 of 40 bytes failed: Only part of a ReadProcessMemory or WriteProcessMemory request was completed. (0x12B)
[0602/171043.098:ERROR:process_memory_win.cc(73)] ReadMemory at 0x7ff9bb85c6e0 of 512 bytes failed: Only part of a ReadProcessMemory or WriteProcessMemory request was completed. (0x12B)
[0602/171043.098:ERROR:process_memory_win.cc(73)] ReadMemory at 0x7ff9bdf56550 of 512 bytes failed: Only part of a ReadProcessMemory or WriteProcessMemory request was completed. (0x12B)
[0602/171043.098:ERROR:process_memory_win.cc(73)] ReadMemory at 0x7ff9bdf57b54 of 512 bytes failed: Only part of a ReadProcessMemory or WriteProcessMemory request was completed. (0x12B)
[0602/171043.098:ERROR:process_memory_win.cc(73)] ReadMemory at 0x7ff9be57c074 of 672 bytes failed: Only part of a ReadProcessMemory or WriteProcessMemory request was completed. (0x12B)
[0602/171043.098:ERROR:process_memory_win.cc(73)] ReadMemory at 0x7ff9be57c674 of 512 bytes failed: Only part of a ReadProcessMemory or WriteProcessMemory request was completed. (0x12B)
[0602/171043.098:ERROR:process_memory_win.cc(73)] ReadMemory at 0x7ff9be57f924 of 608 bytes failed: Only part of a ReadProcessMemory or WriteProcessMemory request was completed. (0x12B)
[0602/171043.098:ERROR:process_memory_win.cc(73)] ReadMemory at 0x7ff9be60c428 of 18 bytes failed: Only part of a ReadProcessMemory or WriteProcessMemory request was completed. (0x12B)
[0602/171043.098:ERROR:process_memory_win.cc(73)] ReadMemory at 0x7ff9be63f4f8 of 40 bytes failed: Only part of a ReadProcessMemory or WriteProcessMemory request was completed. (0x12B)
[0602/171043.099:ERROR:process_memory_win.cc(73)] ReadMemory at 0x7ff9be63f560 of 48 bytes failed: Only part of a ReadProcessMemory or WriteProcessMemory request was completed. (0x12B)
[0602/171043.099:ERROR:process_memory_win.cc(73)] ReadMemory at 0x7ff9be63f978 of 48 bytes failed: Only part of a ReadProcessMemory or WriteProcessMemory request was completed. (0x12B)
[0602/171043.099:ERROR:process_memory_win.cc(73)] ReadMemory at 0x7ff9be643be0 of 40 bytes failed: Only part of a ReadProcessMemory or WriteProcessMemory request was completed. (0x12B)
[0602/171043.099:ERROR:process_memory_win.cc(73)] ReadMemory at 0x7ff9be643d40 of 384 bytes failed: Only part of a ReadProcessMemory or WriteProcessMemory request was completed. (0x12B)
[0602/171043.099:ERROR:process_memory_win.cc(73)] ReadMemory at 0x7ff9be6453c0 of 64 bytes failed: Only part of a ReadProcessMemory or WriteProcessMemory request was completed. (0x12B)
[0602/171043.100:ERROR:scoped_process_suspend.cc(40)] NtResumeProcess: An attempt was made to access an exiting process. (0xc000010a)
